<?xml version="1.0" encoding="UTF-8"?>
<!-- Generated by org.testng.reporters.JUnitReportReporter -->
<testsuite hostname="anas-g5" failures="0" tests="1" name="TestNgRunner" time="6.179" errors="0" timestamp="2023-08-03T15:17:33 PKT" skipped="0">
  <testcase classname="TestNgRunner" name="runScenario" time="6.179"/>
</testsuite> <!-- TestNgRunner -->
